[15:10:18.111] _handle_client 新连接: ('10.8.51.7', 17679)
[15:10:18.112] _handle_client 选手名称: hhh
[15:10:18.115] _broadcast 开始: type=system, clients_count=1
[15:10:18.115] _broadcast 已发送给 [hhh]
[15:10:18.116] _broadcast 结束: type=system
[15:10:24.145] >>> _start_buzz 被调用
[15:10:24.145] _start_buzz 准备抢锁, clients=['hhh']
[15:10:24.145] _start_buzz 拿到锁
[15:10:24.146] _start_buzz 开始第 1 轮
[15:10:24.157] _start_buzz 准备广播 round_start
[15:10:24.157] _broadcast 开始: type=round_start, clients_count=1
[15:10:24.158] _broadcast 已发送给 [hhh]
[15:10:24.158] _broadcast 结束: type=round_start
[15:10:24.159] _start_buzz round_start 广播完毕
[15:10:24.159] _broadcast 开始: type=question, clients_count=1
[15:10:24.159] _broadcast 已发送给 [hhh]
[15:10:24.160] _broadcast 结束: type=question
[15:10:24.160] _start_buzz question 广播完毕
[15:10:24.160] <<< _start_buzz 释放锁，正常退出
[15:10:30.707] _process_client_msg: [hhh] type=buzz
[15:10:30.708] _process_client_msg: [hhh] 尝试抢答，准备抢锁
[15:10:30.708] _process_client_msg: [hhh] 拿到锁
[15:10:30.709] _process_client_msg: [hhh] 抢答成功！first_buzzer 设为 hhh
[15:10:54.675] >>> _start_buzz 被调用
[15:10:54.676] _start_buzz 准备抢锁, clients=['hhh']
[15:14:45.959] _handle_client 新连接: ('10.8.51.7', 57414)
[15:14:45.959] _handle_client 选手名称: lll
[15:14:45.964] _broadcast 开始: type=system, clients_count=1
[15:14:45.964] _broadcast 已发送给 [lll]
[15:14:45.965] _broadcast 结束: type=system
[15:15:09.389] >>> _start_buzz 被调用
[15:15:09.390] _start_buzz 准备抢锁, clients=['lll']
[15:15:09.390] _start_buzz 拿到锁
[15:15:09.390] _start_buzz 开始第 1 轮
[15:15:09.402] _start_buzz 准备广播 round_start
[15:15:09.403] _broadcast 开始: type=round_start, clients_count=1
[15:15:09.403] _broadcast 已发送给 [lll]
[15:15:09.404] _broadcast 结束: type=round_start
[15:15:09.404] _start_buzz round_start 广播完毕
[15:15:09.404] _broadcast 开始: type=question, clients_count=1
[15:15:09.405] _broadcast 已发送给 [lll]
[15:15:09.405] _broadcast 结束: type=question
[15:15:09.405] _start_buzz question 广播完毕
[15:15:09.405] <<< _start_buzz 释放锁，正常退出
[15:15:12.390] _process_client_msg: [lll] type=buzz
[15:15:12.390] _process_client_msg: [lll] 尝试抢答，准备抢锁
[15:15:12.391] _process_client_msg: [lll] 拿到锁
[15:15:12.391] _process_client_msg: [lll] 抢答成功！first_buzzer 设为 lll
[15:18:12.908] _broadcast 开始: type=shutdown, clients_count=1
[15:18:12.909] _broadcast 已发送给 [lll]
[15:18:12.909] _broadcast 结束: type=shutdown
[15:20:26.791] _broadcast 开始: type=shutdown, clients_count=0
[15:20:26.791] _broadcast 结束: type=shutdown
[15:21:48.132] _handle_client 新连接: ('10.8.51.7', 37653)
[15:21:48.133] _handle_client 选手名称: hhhhjjjj
[15:21:48.137] _broadcast 开始: type=system, clients_count=1
[15:21:48.137] _broadcast 已发送给 [hhhhjjjj]
[15:21:48.137] _broadcast 结束: type=system
[15:22:04.946] >>> _start_buzz 被调用
[15:22:04.946] _start_buzz 准备抢锁, clients=['hhhhjjjj']
[15:22:04.947] _start_buzz 拿到锁
[15:22:04.947] _start_buzz 开始第 1 轮
[15:22:04.957] _start_buzz 准备广播 round_start
[15:22:04.957] _broadcast 开始: type=round_start, clients_count=1
[15:22:04.957] _broadcast 已发送给 [hhhhjjjj]
[15:22:04.958] _broadcast 结束: type=round_start
[15:22:04.958] _start_buzz round_start 广播完毕
[15:22:04.958] _broadcast 开始: type=question, clients_count=1
[15:22:04.959] _broadcast 已发送给 [hhhhjjjj]
[15:22:04.959] _broadcast 结束: type=question
[15:22:04.959] _start_buzz question 广播完毕
[15:22:04.959] <<< _start_buzz 释放锁，正常退出
[15:22:07.628] _process_client_msg: [hhhhjjjj] type=buzz
[15:22:07.629] _process_client_msg: [hhhhjjjj] 尝试抢答，准备抢锁
[15:22:07.629] _process_client_msg: [hhhhjjjj] 拿到锁
[15:22:07.630] _process_client_msg: [hhhhjjjj] 抢答成功！first_buzzer 设为 hhhhjjjj
[15:29:36.774] _broadcast 开始: type=shutdown, clients_count=1
[15:29:36.775] _broadcast 已发送给 [hhhhjjjj]
[15:29:36.775] _broadcast 结束: type=shutdown
[15:31:42.073] >>> _start_buzz 被调用
[15:31:42.090] <<< _start_buzz 退出: 无客户端连接
[15:31:44.180] _handle_client 新连接: ('10.8.51.7', 30025)
[15:31:44.181] _handle_client 选手名称: 11122
[15:31:44.196] _broadcast 开始: type=system, clients_count=1
[15:31:44.196] _broadcast 已发送给 [11122]
[15:31:44.197] _broadcast 结束: type=system
[15:31:47.786] >>> _start_buzz 被调用
[15:31:47.787] _start_buzz 准备抢锁, clients=['11122']
[15:31:47.787] _start_buzz 拿到锁
[15:31:47.787] _start_buzz 开始第 1 轮
[15:31:47.798] _start_buzz 准备广播 round_start
[15:31:47.799] _broadcast 开始: type=round_start, clients_count=1
[15:31:47.799] _broadcast 已发送给 [11122]
[15:31:47.799] _broadcast 结束: type=round_start
[15:31:47.800] _start_buzz round_start 广播完毕
[15:31:47.800] _broadcast 开始: type=question, clients_count=1
[15:31:47.800] _broadcast 已发送给 [11122]
[15:31:47.801] _broadcast 结束: type=question
[15:31:47.801] _start_buzz question 广播完毕
[15:31:47.801] <<< _start_buzz 释放锁，正常退出
[15:31:50.212] _process_client_msg: [11122] type=buzz
[15:31:50.212] _process_client_msg: [11122] 尝试抢答，准备抢锁
[15:31:50.213] _process_client_msg: [11122] 拿到锁
[15:31:50.213] _process_client_msg: [11122] 抢答成功！first_buzzer 设为 11122
[15:35:06.624] _handle_client [11122] 收到空数据，断开
[15:35:06.625] _handle_client [11122] 即将移除
[15:35:06.626] _remove_client: [11122] 准备抢锁
[15:35:06.626] _remove_client: [11122] 拿到锁
[15:35:06.626] _remove_client: [11122] 已从 clients 移除
[15:35:06.631] _broadcast 开始: type=system, clients_count=0
[15:35:06.631] _broadcast 结束: type=system
[15:35:08.976] _broadcast 开始: type=shutdown, clients_count=0
[15:35:08.976] _broadcast 结束: type=shutdown
[15:35:37.529] _handle_client 新连接: ('10.8.51.7', 43044)
[15:35:37.529] _handle_client 选手名称: IT
[15:35:37.533] _broadcast 开始: type=system, clients_count=1
[15:35:37.533] _broadcast 已发送给 [IT]
[15:35:37.534] _broadcast 结束: type=system
[15:35:42.868] >>> _start_buzz 被调用
[15:35:42.869] _start_buzz 准备抢锁, clients=['IT']
[15:35:42.869] _start_buzz 拿到锁
[15:35:42.869] _start_buzz 开始第 1 轮
[15:35:42.881] _start_buzz 准备广播 round_start
[15:35:42.882] _broadcast 开始: type=round_start, clients_count=1
[15:35:42.882] _broadcast 已发送给 [IT]
[15:35:42.882] _broadcast 结束: type=round_start
[15:35:42.883] _start_buzz round_start 广播完毕
[15:35:42.883] _broadcast 开始: type=question, clients_count=1
[15:35:42.883] _broadcast 已发送给 [IT]
[15:35:42.884] _broadcast 结束: type=question
[15:35:42.884] _start_buzz question 广播完毕
[15:35:42.884] <<< _start_buzz 释放锁，正常退出
[15:35:45.856] _process_client_msg: [IT] type=buzz
[15:35:45.856] _process_client_msg: [IT] 尝试抢答，准备抢锁
[15:35:45.857] _process_client_msg: [IT] 拿到锁
[15:35:45.857] _process_client_msg: [IT] 抢答成功！first_buzzer 设为 IT
[15:35:52.189] _process_client_msg: [IT] type=answer
[15:35:52.189] _process_client_msg: [IT] 提交答案: ABC
[15:35:52.208] _broadcast 开始: type=system, clients_count=1
[15:35:52.209] _broadcast 已发送给 [IT]
[15:35:52.209] _broadcast 结束: type=system
[15:36:28.174] >>> _start_buzz 被调用
[15:36:28.175] _start_buzz 准备抢锁, clients=['IT']
[15:36:28.175] _start_buzz 拿到锁
[15:36:28.176] _start_buzz 开始第 2 轮
[15:36:28.177] _start_buzz 准备广播 round_start
[15:36:28.177] _broadcast 开始: type=round_start, clients_count=1
[15:36:28.178] _broadcast 已发送给 [IT]
[15:36:28.178] _broadcast 结束: type=round_start
[15:36:28.178] _start_buzz round_start 广播完毕
[15:36:28.179] _broadcast 开始: type=question, clients_count=1
[15:36:28.179] _broadcast 已发送给 [IT]
[15:36:28.179] _broadcast 结束: type=question
[15:36:28.180] _start_buzz question 广播完毕
[15:36:28.180] <<< _start_buzz 释放锁，正常退出
[15:36:57.189] _process_client_msg: [IT] type=buzz
[15:36:57.189] _process_client_msg: [IT] 尝试抢答，准备抢锁
[15:36:57.190] _process_client_msg: [IT] 拿到锁
[15:36:57.190] _process_client_msg: [IT] 抢答成功！first_buzzer 设为 IT
[15:37:11.125] >>> _start_buzz 被调用
[15:37:11.126] _start_buzz 准备抢锁, clients=['IT']
[15:37:11.126] _start_buzz 拿到锁
[15:37:11.126] _start_buzz 开始第 3 轮
[15:37:11.128] _start_buzz 准备广播 round_start
[15:37:11.129] _broadcast 开始: type=round_start, clients_count=1
[15:37:11.129] _broadcast 已发送给 [IT]
[15:37:11.129] _broadcast 结束: type=round_start
[15:37:11.130] _start_buzz round_start 广播完毕
[15:37:11.130] _broadcast 开始: type=question, clients_count=1
[15:37:11.130] _broadcast 已发送给 [IT]
[15:37:11.130] _broadcast 结束: type=question
[15:37:11.131] _start_buzz question 广播完毕
[15:37:11.131] <<< _start_buzz 释放锁，正常退出
[15:37:15.710] _process_client_msg: [IT] type=buzz
[15:37:15.711] _process_client_msg: [IT] 尝试抢答，准备抢锁
[15:37:15.711] _process_client_msg: [IT] 拿到锁
[15:37:15.711] _process_client_msg: [IT] 抢答成功！first_buzzer 设为 IT
[15:39:46.971] _broadcast 开始: type=shutdown, clients_count=1
[15:39:46.972] _broadcast 已发送给 [IT]
[15:39:46.972] _broadcast 结束: type=shutdown
[15:39:46.973] _handle_client [IT] 网络异常: [WinError 10038] 在一个非套接字上尝试了一个操作。
[15:39:46.973] _handle_client [IT] 即将移除
[15:39:46.973] _remove_client: [IT] 准备抢锁
[15:39:46.974] _remove_client: [IT] 拿到锁
[15:39:46.974] _remove_client: [IT] 已从 clients 移除
[15:40:14.095] >>> _start_buzz 被调用
[15:40:14.110] <<< _start_buzz 退出: 无客户端连接
[15:40:15.667] _handle_client 新连接: ('10.8.51.7', 34252)
[15:40:15.668] _handle_client 选手名称: IIT
[15:40:15.682] _broadcast 开始: type=system, clients_count=1
[15:40:15.683] _broadcast 已发送给 [IIT]
[15:40:15.684] _broadcast 结束: type=system
[15:40:17.329] >>> _start_buzz 被调用
[15:40:17.329] _start_buzz 准备抢锁, clients=['IIT']
[15:40:17.330] _start_buzz 拿到锁
[15:40:17.330] _start_buzz 开始第 1 轮
[15:40:17.342] _start_buzz 准备广播 round_start
[15:40:17.342] _broadcast 开始: type=round_start, clients_count=1
[15:40:17.343] _broadcast 已发送给 [IIT]
[15:40:17.343] _broadcast 结束: type=round_start
[15:40:17.343] _start_buzz round_start 广播完毕
[15:40:17.343] _broadcast 开始: type=question, clients_count=1
[15:40:17.344] _broadcast 已发送给 [IIT]
[15:40:17.344] _broadcast 结束: type=question
[15:40:17.344] _start_buzz question 广播完毕
[15:40:17.345] <<< _start_buzz 释放锁，正常退出
[15:40:18.760] _process_client_msg: [IIT] type=buzz
[15:40:18.760] _process_client_msg: [IIT] 尝试抢答，准备抢锁
[15:40:18.760] _process_client_msg: [IIT] 拿到锁
[15:40:18.761] _process_client_msg: [IIT] 抢答成功！first_buzzer 设为 IIT
[15:40:24.376] _process_client_msg: [IIT] type=answer
[15:40:24.377] _process_client_msg: [IIT] 提交答案: DE
[15:40:24.393] _broadcast 开始: type=system, clients_count=1
[15:40:24.394] _broadcast 已发送给 [IIT]
[15:40:24.394] _broadcast 结束: type=system
[15:40:41.624] >>> _start_buzz 被调用
[15:40:41.625] _start_buzz 准备抢锁, clients=['IIT']
[15:40:41.625] _start_buzz 拿到锁
[15:40:41.625] _start_buzz 开始第 2 轮
[15:40:41.626] _start_buzz 准备广播 round_start
[15:40:41.627] _broadcast 开始: type=round_start, clients_count=1
[15:40:41.627] _broadcast 已发送给 [IIT]
[15:40:41.627] _broadcast 结束: type=round_start
[15:40:41.627] _start_buzz round_start 广播完毕
[15:40:41.628] _broadcast 开始: type=question, clients_count=1
[15:40:41.628] _broadcast 已发送给 [IIT]
[15:40:41.628] _broadcast 结束: type=question
[15:40:41.629] _start_buzz question 广播完毕
[15:40:41.629] <<< _start_buzz 释放锁，正常退出
[15:40:44.306] _process_client_msg: [IIT] type=buzz
[15:40:44.307] _process_client_msg: [IIT] 尝试抢答，准备抢锁
[15:40:44.307] _process_client_msg: [IIT] 拿到锁
[15:40:44.307] _process_client_msg: [IIT] 抢答成功！first_buzzer 设为 IIT
[15:40:51.912] _process_client_msg: [IIT] type=answer
[15:40:51.912] _process_client_msg: [IIT] 提交答案: BC
[15:40:51.916] _broadcast 开始: type=system, clients_count=1
[15:40:51.917] _broadcast 已发送给 [IIT]
[15:40:51.917] _broadcast 结束: type=system
[15:41:11.760] >>> _start_buzz 被调用
[15:41:11.760] _start_buzz 准备抢锁, clients=['IIT']
[15:41:11.761] _start_buzz 拿到锁
[15:41:11.761] _start_buzz 开始第 3 轮
[15:41:11.762] _start_buzz 准备广播 round_start
[15:41:11.762] _broadcast 开始: type=round_start, clients_count=1
[15:41:11.763] _broadcast 已发送给 [IIT]
[15:41:11.763] _broadcast 结束: type=round_start
[15:41:11.763] _start_buzz round_start 广播完毕
[15:41:11.763] _broadcast 开始: type=question, clients_count=1
[15:41:11.764] _broadcast 已发送给 [IIT]
[15:41:11.764] _broadcast 结束: type=question
[15:41:11.764] _start_buzz question 广播完毕
[15:41:11.764] <<< _start_buzz 释放锁，正常退出
[15:41:15.553] _process_client_msg: [IIT] type=buzz
[15:41:15.553] _process_client_msg: [IIT] 尝试抢答，准备抢锁
[15:41:15.554] _process_client_msg: [IIT] 拿到锁
[15:41:15.554] _process_client_msg: [IIT] 抢答成功！first_buzzer 设为 IIT
[15:41:22.370] _process_client_msg: [IIT] type=answer
[15:41:22.371] _process_client_msg: [IIT] 提交答案: BCE
[15:41:22.373] _broadcast 开始: type=system, clients_count=1
[15:41:22.374] _broadcast 已发送给 [IIT]
[15:41:22.374] _broadcast 结束: type=system
[15:41:28.258] >>> _start_buzz 被调用
[15:41:28.258] _start_buzz 准备抢锁, clients=['IIT']
[15:41:28.259] _start_buzz 拿到锁
[15:41:28.259] _start_buzz 开始第 4 轮
[15:41:28.260] _start_buzz 准备广播 round_start
[15:41:28.260] _broadcast 开始: type=round_start, clients_count=1
[15:41:28.260] _broadcast 已发送给 [IIT]
[15:41:28.261] _broadcast 结束: type=round_start
[15:41:28.261] _start_buzz round_start 广播完毕
[15:41:28.261] _broadcast 开始: type=question, clients_count=1
[15:41:28.261] _broadcast 已发送给 [IIT]
[15:41:28.262] _broadcast 结束: type=question
[15:41:28.262] _start_buzz question 广播完毕
[15:41:28.262] <<< _start_buzz 释放锁，正常退出
[15:41:30.312] _process_client_msg: [IIT] type=buzz
[15:41:30.313] _process_client_msg: [IIT] 尝试抢答，准备抢锁
[15:41:30.313] _process_client_msg: [IIT] 拿到锁
[15:41:30.314] _process_client_msg: [IIT] 抢答成功！first_buzzer 设为 IIT
[15:41:35.904] _process_client_msg: [IIT] type=answer
[15:41:35.905] _process_client_msg: [IIT] 提交答案: AE
[15:41:35.908] _broadcast 开始: type=system, clients_count=1
[15:41:35.908] _broadcast 已发送给 [IIT]
[15:41:35.909] _broadcast 结束: type=system
[15:44:51.009] _broadcast 开始: type=shutdown, clients_count=1
[15:44:51.010] _broadcast 已发送给 [IIT]
[15:44:51.010] _broadcast 结束: type=shutdown
[15:44:51.011] _handle_client [IIT] 网络异常: [WinError 10038] 在一个非套接字上尝试了一个操作。
[15:44:51.011] _handle_client [IIT] 即将移除
[15:44:51.011] _remove_client: [IIT] 准备抢锁
[15:44:51.011] _remove_client: [IIT] 拿到锁
[15:44:51.012] _remove_client: [IIT] 已从 clients 移除
[15:45:58.454] _handle_client 新连接: ('10.8.51.7', 29544)
[15:45:58.455] _handle_client 选手名称: DDFF
[15:45:58.459] _broadcast 开始: type=system, clients_count=1
[15:45:58.459] _broadcast 已发送给 [DDFF]
[15:45:58.459] _broadcast 结束: type=system
[15:46:22.285] >>> _start_buzz 被调用
[15:46:22.285] _start_buzz 准备抢锁, clients=['DDFF']
[15:46:22.286] _start_buzz 拿到锁
[15:46:22.286] _start_buzz 开始第 1 轮
[15:46:22.298] _start_buzz 准备广播 round_start
[15:46:22.298] _broadcast 开始: type=round_start, clients_count=1
[15:46:22.298] _broadcast 已发送给 [DDFF]
[15:46:22.299] _broadcast 结束: type=round_start
[15:46:22.299] _start_buzz round_start 广播完毕
[15:46:22.299] _broadcast 开始: type=question, clients_count=1
[15:46:22.299] _broadcast 已发送给 [DDFF]
[15:46:22.300] _broadcast 结束: type=question
[15:46:22.300] _start_buzz question 广播完毕
[15:46:22.300] <<< _start_buzz 释放锁，正常退出
[15:46:24.709] _process_client_msg: [DDFF] type=buzz
[15:46:24.709] _process_client_msg: [DDFF] 尝试抢答，准备抢锁
[15:46:24.710] _process_client_msg: [DDFF] 拿到锁
[15:46:24.710] _process_client_msg: [DDFF] 抢答成功！first_buzzer 设为 DDFF
[15:46:26.661] _process_client_msg: [DDFF] type=answer
[15:46:26.662] _process_client_msg: [DDFF] 提交答案: EF
[15:46:26.677] _broadcast 开始: type=system, clients_count=1
[15:46:26.677] _broadcast 已发送给 [DDFF]
[15:46:26.678] _broadcast 结束: type=system
[15:46:44.025] _handle_client [DDFF] 收到空数据，断开
[15:46:44.026] _handle_client [DDFF] 即将移除
[15:46:44.026] _remove_client: [DDFF] 准备抢锁
[15:46:44.026] _remove_client: [DDFF] 拿到锁
[15:46:44.027] _remove_client: [DDFF] 已从 clients 移除
[15:46:44.030] _broadcast 开始: type=system, clients_count=0
[15:46:44.031] _broadcast 结束: type=system
[15:46:47.331] _broadcast 开始: type=shutdown, clients_count=0
[15:46:47.331] _broadcast 结束: type=shutdown
[15:49:10.235] _broadcast 开始: type=shutdown, clients_count=0
[15:49:10.235] _broadcast 结束: type=shutdown
